#
# There is insufficient memory for the Java Runtime Environment to continue.
# Native memory allocation (malloc) failed to allocate 1156976 bytes for Chunk::new
# Possible reasons:
#   The system is out of physical RAM or swap space
#   The process is running with CompressedOops enabled, and the Java Heap may be blocking the growth of the native heap
# Possible solutions:
#   Reduce memory load on the system
#   Increase physical memory or swap space
#   Check if swap backing store is full
#   Decrease Java heap size (-Xmx/-Xms)
#   Decrease number of Java threads
#   Decrease Java thread stack sizes (-Xss)
#   Set larger code cache with -XX:ReservedCodeCacheSize=
#   JVM is running with Unscaled Compressed Oops mode in which the Java heap is
#     placed in the first 4GB address space. The Java Heap base address is the
#     maximum limit for the native heap growth. Please use -XX:HeapBaseMinAddress
#     to set the Java Heap base and to place the Java Heap above 4GB virtual address.
# This output file may be truncated or incomplete.
#
#  Out of Memory Error (allocation.cpp:389), pid=32000, tid=0x0000000000005c14
#
# JRE version: OpenJDK Runtime Environment (8.0_212-b04) (build 1.8.0_212-release-1586-b04)
# Java VM: OpenJDK 64-Bit Server VM (25.212-b04 mixed mode windows-amd64 compressed oops)
# Failed to write core dump. Minidumps are not enabled by default on client versions of Windows
#

---------------  T H R E A D  ---------------

Current thread (0x0000000018115000):  JavaThread "C2 CompilerThread1" daemon [_thread_in_native, id=23572, stack(0x0000000018ae0000,0x0000000018be0000)]

Stack: [0x0000000018ae0000,0x0000000018be0000]
[error occurred during error reporting (printing stack bounds), id 0xc0000005]

Native frames: (J=compiled Java code, j=interpreted, Vv=VM code, C=native code)


Current CompileTask:
C2:4847939 28421 %     4       com.android.tools.r8.u.c.J::a @ 390 (1423 bytes)


---------------  P R O C E S S  ---------------

Java Threads: ( => current thread )
  0x0000000034adc800 JavaThread "ForkJoinPool.commonPool-worker-4" daemon [_thread_blocked, id=29984, stack(0x0000000036be0000,0x0000000036ce0000)]
  0x0000000034ada800 JavaThread "ForkJoinPool.commonPool-worker-3" daemon [_thread_blocked, id=24516, stack(0x0000000036ae0000,0x0000000036be0000)]
  0x0000000034ad3000 JavaThread "ForkJoinPool.commonPool-worker-2" daemon [_thread_blocked, id=36628, stack(0x00000000369e0000,0x0000000036ae0000)]
  0x0000000034ad9800 JavaThread "ForkJoinPool.commonPool-worker-1" daemon [_thread_blocked, id=31848, stack(0x00000000368e0000,0x00000000369e0000)]
  0x0000000034acf000 JavaThread "ForkJoinPool.commonPool-worker-0" daemon [_thread_blocked, id=32380, stack(0x00000000367e0000,0x00000000368e0000)]
  0x0000000034ad2000 JavaThread "ForkJoinPool.commonPool-worker-7" daemon [_thread_blocked, id=24256, stack(0x00000000355b0000,0x00000000356b0000)]
  0x0000000034ad1800 JavaThread "ForkJoinPool.commonPool-worker-6" daemon [_thread_blocked, id=25188, stack(0x0000000031eb0000,0x0000000031fb0000)]
  0x0000000034ad5000 JavaThread "WorkerExecutor Queue Thread 9" [_thread_blocked, id=27928, stack(0x00000000354b0000,0x00000000355b0000)]
  0x0000000034ad3800 JavaThread "Cache worker for Java compile cache (C:\Users\aparn\AndroidStudioProjects\FinalProjectPhase1\FinalProject\.gradle\5.6.4\javaCompile)" [_thread_blocked, id=38036, stack(0x0000000033fc0000,0x00000000340c0000)]
  0x000000001aefe000 JavaThread "RMI TCP Connection(89)-127.0.0.1" daemon [_thread_in_native, id=38496, stack(0x0000000033ec0000,0x0000000033fc0000)]
  0x000000001aefd800 JavaThread "RMI Reaper" [_thread_blocked, id=18776, stack(0x0000000033dc0000,0x0000000033ec0000)]
  0x000000001af00800 JavaThread "GC Daemon" daemon [_thread_blocked, id=15448, stack(0x0000000033cc0000,0x0000000033dc0000)]
  0x000000001b0ad000 JavaThread "stdout" [_thread_in_native, id=17956, stack(0x00000000316b0000,0x00000000317b0000)]
  0x000000001b0aa000 JavaThread "stderr" [_thread_in_native, id=39708, stack(0x00000000315b0000,0x00000000316b0000)]
  0x000000001b0b1000 JavaThread "stdout" [_thread_in_native, id=18880, stack(0x0000000032bf0000,0x0000000032cf0000)]
  0x000000001b0b0000 JavaThread "stderr" [_thread_in_native, id=37612, stack(0x00000000328c0000,0x00000000329c0000)]
  0x000000001b0a8800 JavaThread "stdout" [_thread_in_native, id=34568, stack(0x0000000030eb0000,0x0000000030fb0000)]
  0x000000001b0ab800 JavaThread "stderr" [_thread_in_native, id=39908, stack(0x0000000030db0000,0x0000000030eb0000)]
  0x000000001b0ae800 JavaThread "stdout" [_thread_in_native, id=10464, stack(0x0000000032af0000,0x0000000032bf0000)]
  0x000000001b0a6800 JavaThread "stderr" [_thread_in_native, id=30408, stack(0x00000000329f0000,0x0000000032af0000)]
  0x000000001e25c800 JavaThread "stdout" [_thread_in_native, id=32532, stack(0x00000000327c0000,0x00000000328c0000)]
  0x000000001e25a800 JavaThread "stderr" [_thread_in_native, id=26776, stack(0x00000000326c0000,0x00000000327c0000)]
  0x000000001e260800 JavaThread "stdout" [_thread_in_native, id=36188, stack(0x00000000325c0000,0x00000000326c0000)]
  0x000000001e259800 JavaThread "stderr" [_thread_in_native, id=39632, stack(0x00000000324c0000,0x00000000325c0000)]
  0x000000001e25e000 JavaThread "WorkerExecutor Queue Thread 8" [_thread_blocked, id=30216, stack(0x00000000323c0000,0x00000000324c0000)]
  0x000000001e25f000 JavaThread "WorkerExecutor Queue Thread 7" [_thread_blocked, id=15108, stack(0x00000000322c0000,0x00000000323c0000)]
  0x000000001e25f800 JavaThread "WorkerExecutor Queue Thread 6" [_thread_in_native, id=32644, stack(0x00000000321c0000,0x00000000322c0000)]
  0x000000001e25d800 JavaThread "stdout" [_thread_in_native, id=38424, stack(0x00000000320c0000,0x00000000321c0000)]
  0x000000001e25c000 JavaThread "stderr" [_thread_in_native, id=36708, stack(0x0000000031fc0000,0x00000000320c0000)]
  0x000000001e252000 JavaThread "pool-43-thread-1" [_thread_blocked, id=29824, stack(0x0000000031db0000,0x0000000031eb0000)]
  0x000000001e253000 JavaThread "WorkerExecutor Queue Thread 4" [_thread_blocked, id=25800, stack(0x0000000031a90000,0x0000000031b90000)]
  0x000000001e251800 JavaThread "WorkerExecutor Queue Thread 3" [_thread_blocked, id=26760, stack(0x0000000031990000,0x0000000031a90000)]
  0x000000001e257800 JavaThread "WorkerExecutor Queue Thread 2" [_thread_blocked, id=38824, stack(0x0000000031890000,0x0000000031990000)]
  0x000000001e258000 JavaThread "WorkerExecutor Queue" [_thread_blocked, id=1692, stack(0x00000000314b0000,0x00000000315b0000)]
  0x000000001b266000 JavaThread "Cache worker for execution history cache (C:\Users\aparn\AndroidStudioProjects\FinalProjectPhase1\FinalProject\.gradle\5.6.4\executionHistory)" [_thread_blocked, id=27876, stack(0x0000000030890000,0x0000000030990000)]
  0x000000001b269000 JavaThread "Execution worker for ':' Thread 7" [_thread_blocked, id=12740, stack(0x0000000030790000,0x0000000030890000)]
  0x000000001b268000 JavaThread "Execution worker for ':' Thread 6" [_thread_blocked, id=10620, stack(0x0000000030390000,0x0000000030490000)]
  0x000000001b26c000 JavaThread "Execution worker for ':' Thread 5" [_thread_blocked, id=28216, stack(0x0000000028210000,0x0000000028310000)]
  0x000000001b26c800 JavaThread "Execution worker for ':' Thread 4" [_thread_in_Java, id=18772, stack(0x0000000028110000,0x0000000028210000)]
  0x000000001b26a800 JavaThread "Execution worker for ':' Thread 3" [_thread_blocked, id=30116, stack(0x0000000027310000,0x0000000027410000)]
  0x000000001b26b000 JavaThread "Execution worker for ':' Thread 2" [_thread_blocked, id=13644, stack(0x0000000027010000,0x0000000027110000)]
  0x000000001b25e800 JavaThread "Execution worker for ':'" [_thread_blocked, id=36020, stack(0x0000000026f10000,0x0000000027010000)]
  0x000000001b264800 JavaThread "Cache worker for file content cache (C:\Users\aparn\AndroidStudioProjects\FinalProjectPhase1\FinalProject\.gradle\5.6.4\fileContent)" [_thread_blocked, id=15260, stack(0x0000000026c10000,0x0000000026d10000)]
  0x000000001b263800 JavaThread "Cache worker for Build Output Cleanup Cache (C:\Users\aparn\AndroidStudioProjects\FinalProjectPhase1\FinalProject\.gradle\buildOutputCleanup)" [_thread_blocked, id=14872, stack(0x00000000261b0000,0x00000000262b0000)]
  0x000000001b262000 JavaThread "Build operations Thread 8" [_thread_blocked, id=31332, stack(0x0000000024690000,0x0000000024790000)]
  0x000000001b261800 JavaThread "Build operations Thread 7" [_thread_blocked, id=39096, stack(0x0000000024140000,0x0000000024240000)]
  0x000000001b265000 JavaThread "Build operations Thread 6" [_thread_blocked, id=15460, stack(0x0000000024040000,0x0000000024140000)]
  0x000000001b25d800 JavaThread "Build operations Thread 5" [_thread_blocked, id=36368, stack(0x0000000023340000,0x0000000023440000)]
  0x000000001b260800 JavaThread "Build operations Thread 4" [_thread_blocked, id=33192, stack(0x0000000023040000,0x0000000023140000)]
  0x0000000021e30000 JavaThread "Build operations Thread 3" [_thread_blocked, id=16788, stack(0x0000000022f40000,0x0000000023040000)]
  0x0000000021e2f000 JavaThread "Build operations Thread 2" [_thread_blocked, id=2344, stack(0x0000000022e40000,0x0000000022f40000)]
  0x0000000021e30800 JavaThread "Build operations" [_thread_blocked, id=16248, stack(0x0000000022d40000,0x0000000022e40000)]
  0x0000000021e2e800 JavaThread "Cache worker for cache directory md-rule (C:\Users\aparn\.gradle\caches\5.6.4\md-rule)" [_thread_blocked, id=11028, stack(0x000000001f6a0000,0x000000001f7a0000)]
  0x0000000021e33000 JavaThread "Cache worker for cache directory md-supplier (C:\Users\aparn\.gradle\caches\5.6.4\md-supplier)" [_thread_blocked, id=8100, stack(0x000000001f3a0000,0x000000001f4a0000)]
  0x0000000021e32000 JavaThread "Cache worker for file hash cache (C:\Users\aparn\AndroidStudioProjects\FinalProjectPhase1\FinalProject\.gradle\5.6.4\fileHashes)" [_thread_blocked, id=28808, stack(0x000000001c700000,0x000000001c800000)]
  0x0000000021e31800 JavaThread "Thread-630" [_thread_blocked, id=16132, stack(0x000000001c600000,0x000000001c700000)]
  0x0000000021e27000 JavaThread "Stdin handler" [_thread_blocked, id=2764, stack(0x000000001c500000,0x000000001c600000)]
  0x0000000021e26000 JavaThread "Asynchronous log dispatcher for DefaultDaemonConnection: socket connection from /127.0.0.1:60749 to /127.0.0.1:62025" [_thread_blocked, id=16776, stack(0x000000001c200000,0x000000001c300000)]
  0x0000000021e29000 JavaThread "Daemon worker Thread 14" [_thread_blocked, id=30700, stack(0x000000001c100000,0x000000001c200000)]
  0x0000000021e28800 JavaThread "Cancel handler" [_thread_blocked, id=4144, stack(0x0000000000940000,0x0000000000a40000)]
  0x0000000021e2d000 JavaThread "Handler for socket connection from /127.0.0.1:60749 to /127.0.0.1:62025" [_thread_in_native, id=23784, stack(0x0000000000800000,0x0000000000900000)]
  0x0000000021e24800 JavaThread "Daemon Thread 14" [_thread_blocked, id=10196, stack(0x0000000000700000,0x0000000000800000)]
  0x000000001b0b2800 JavaThread "Cache worker for Java compile cache (C:\Users\aparn\.gradle\caches\5.6.4\javaCompile)" [_thread_blocked, id=25260, stack(0x0000000030690000,0x0000000030790000)]
  0x000000001b0a8000 JavaThread "RMI TCP Accept-0" daemon [_thread_in_native, id=9884, stack(0x0000000026e10000,0x0000000026f10000)]
  0x000000001b0ae000 JavaThread "RMI Scheduler(0)" daemon [_thread_blocked, id=21248, stack(0x00000000266b0000,0x00000000267b0000)]
  0x000000001e254800 JavaThread "Cache worker for file content cache (C:\Users\aparn\.gradle\caches\5.6.4\fileContent)" [_thread_blocked, id=22224, stack(0x0000000023f40000,0x0000000024040000)]
  0x000000001e25b000 JavaThread "Memory manager" [_thread_blocked, id=39516, stack(0x0000000023e40000,0x0000000023f40000)]
  0x000000001e256800 JavaThread "Cache worker for execution history cache (C:\Users\aparn\.gradle\caches\5.6.4\executionHistory)" [_thread_blocked, id=24324, stack(0x0000000021200000,0x0000000021300000)]
  0x000000001af01800 JavaThread "Cache worker for journal cache (C:\Users\aparn\.gradle\caches\journal-1)" [_thread_blocked, id=8628, stack(0x000000001cf00000,0x000000001d000000)]
  0x000000001aefc800 JavaThread "File lock request listener" [_thread_in_native, id=16812, stack(0x000000001ce00000,0x000000001cf00000)]
  0x000000001af03000 JavaThread "Cache worker for file hash cache (C:\Users\aparn\.gradle\caches\5.6.4\fileHashes)" [_thread_blocked, id=16496, stack(0x000000001cb00000,0x000000001cc00000)]
  0x000000001aba0800 JavaThread "Daemon periodic checks" [_thread_blocked, id=10232, stack(0x000000001c000000,0x000000001c100000)]
  0x000000001ab51800 JavaThread "Incoming local TCP Connector on port 60749" [_thread_in_native, id=22088, stack(0x000000001bdc0000,0x000000001bec0000)]
  0x000000001aab5000 JavaThread "Daemon health stats" [_thread_blocked, id=37908, stack(0x000000001b780000,0x000000001b880000)]
  0x00000000181b0800 JavaThread "Service Thread" daemon [_thread_blocked, id=39528, stack(0x0000000018de0000,0x0000000018ee0000)]
  0x0000000018120800 JavaThread "C1 CompilerThread3" daemon [_thread_blocked, id=36592, stack(0x0000000018ce0000,0x0000000018de0000)]
  0x000000001811c800 JavaThread "C2 CompilerThread2" daemon [_thread_in_native, id=22056, stack(0x0000000018be0000,0x0000000018ce0000)]
=>0x0000000018115000 JavaThread "C2 CompilerThread1" daemon [_thread_in_native, id=23572, stack(0x0000000018ae0000,0x0000000018be0000)]
  0x000000001810a000 JavaThread "C2 CompilerThread0" daemon [_thread_in_native, id=37320, stack(0x00000000189e0000,0x0000000018ae0000)]
  0x0000000018108800 JavaThread "Attach Listener" daemon [_thread_blocked, id=37012, stack(0x00000000188e0000,0x00000000189e0000)]
  0x000000001631e800 JavaThread "Signal Dispatcher" daemon [_thread_blocked, id=3832, stack(0x00000000187e0000,0x00000000188e0000)]
  0x000000000254c800 JavaThread "Finalizer" daemon [_thread_blocked, id=2768, stack(0x00000000185e0000,0x00000000186e0000)]
  0x0000000018100800 JavaThread "Reference Handler" daemon [_thread_blocked, id=39404, stack(0x00000000184e0000,0x00000000185e0000)]
  0x0000000002452800 JavaThread "main" [_thread_blocked, id=38416, stack(0x0000000002350000,0x0000000002450000)]

Other Threads:
  0x0000000016306800 VMThread [stack: 0x0000000017fe0000,0x00000000180e0000] [id=31580]
  0x000000001816f000 WatcherThread [stack: 0x0000000018ee0000,0x0000000018fe0000] [id=36668]

VM state:not at safepoint (normal execution)

VM Mutex/Monitor currently owned by a thread: None

heap address: 0x00000000a0000000, size: 1536 MB, Compressed Oops mode: 32-bit
Narrow klass base: 0x0000000000000000, Narrow klass shift: 3
Compressed class space size: 1073741824 Address: 0x0000000100000000

Heap:
 PSYoungGen      total 454656K, used 48910K [0x00000000e0000000, 0x00000000fec80000, 0x0000000100000000)
  eden space 408064K, 3% used [0x00000000e0000000,0x00000000e0f62818,0x00000000f8e80000)
  from space 46592K, 71% used [0x00000000fbd80000,0x00000000fdde1230,0x00000000feb00000)
  to   space 48128K, 0% used [0x00000000f8e80000,0x00000000f8e80000,0x00000000fbd80000)
 ParOldGen       total 324096K, used 94371K [0x00000000a0000000, 0x00000000b3c80000, 0x00000000e0000000)
  object space 324096K, 29% used [0x00000000a0000000,0x00000000a5c28de0,0x00000000b3c80000)
 Metaspace       used 112796K, capacity 120640K, committed 121728K, reserved 1155072K
  class space    used 14490K, capacity 15817K, committed 16000K, reserved 1048576K

Card table byte_map: [0x0000000011910000,0x0000000011c20000] byte_map_base: 0x0000000011410000

Marking Bits: (ParMarkBitMap*) 0x0000000066009f30
 Begin Bits: [0x0000000012620000, 0x0000000013e20000)
 End Bits:   [0x0000000013e20000, 0x0000000015620000)

Polling page: 0x0000000000a90000

CodeCache: size=245760Kb used=76537Kb max_used=77241Kb free=169222Kb
 bounds [0x0000000002550000, 0x0000000007150000, 0x0000000011550000]
 total_blobs=22788 nmethods=21820 adapters=878
 compilation: enabled

Compilation events (10 events):
Event: 4847.909 Thread 0x0000000018120800 28525       2       com.android.tools.r8.r.n.J::<init> (34 bytes)
Event: 4847.909 Thread 0x0000000018120800 nmethod 28525 0x0000000005324ed0 code [0x0000000005325020, 0x0000000005325190]
Event: 4847.912 Thread 0x0000000018120800 28526       1       com.android.tools.r8.u.b.a0::D (2 bytes)
Event: 4847.912 Thread 0x0000000018120800 nmethod 28526 0x00000000027a9c50 code [0x00000000027a9da0, 0x00000000027a9eb0]
Event: 4847.912 Thread 0x0000000018120800 28527       2       com.android.tools.r8.ir.optimize.c0::equals (42 bytes)
Event: 4847.913 Thread 0x0000000018120800 nmethod 28527 0x0000000003f8ef90 code [0x0000000003f8f0e0, 0x0000000003f8f2f0]
Event: 4847.916 Thread 0x0000000018120800 28528   !   2       java.lang.StringCoding::decode (216 bytes)
Event: 4847.918 Thread 0x0000000018120800 nmethod 28528 0x0000000006584d50 code [0x0000000006584fc0, 0x0000000006585c18]
Event: 4847.919 Thread 0x0000000018120800 28529       2       java.lang.String::<init> (38 bytes)
Event: 4847.920 Thread 0x0000000018120800 nmethod 28529 0x0000000006d4f650 code [0x0000000006d4f7e0, 0x0000000006d4fa68]

GC Heap History (10 events):
Event: 4833.075 GC heap before
{Heap before GC invocations=35 (full 5):
 PSYoungGen      total 387072K, used 360960K [0x00000000e0000000, 0x00000000f9b80000, 0x0000000100000000)
  eden space 360960K, 100% used [0x00000000e0000000,0x00000000f6080000,0x00000000f6080000)
  from space 26112K, 0% used [0x00000000f6080000,0x00000000f6080000,0x00000000f7a00000)
  to   space 29696K, 0% used [0x00000000f7e80000,0x00000000f7e80000,0x00000000f9b80000)
 ParOldGen       total 324096K, used 61205K [0x00000000a0000000, 0x00000000b3c80000, 0x00000000e0000000)
  object space 324096K, 18% used [0x00000000a0000000,0x00000000a3bc5710,0x00000000b3c80000)
 Metaspace       used 109708K, capacity 117210K, committed 119040K, reserved 1153024K
  class space    used 14152K, capacity 15452K, committed 15872K, reserved 1048576K
Event: 4833.087 GC heap after
Heap after GC invocations=35 (full 5):
 PSYoungGen      total 392704K, used 15791K [0x00000000e0000000, 0x00000000f9b80000, 0x0000000100000000)
  eden space 363008K, 0% used [0x00000000e0000000,0x00000000e0000000,0x00000000f6280000)
  from space 29696K, 53% used [0x00000000f7e80000,0x00000000f8debe80,0x00000000f9b80000)
  to   space 28672K, 0% used [0x00000000f6280000,0x00000000f6280000,0x00000000f7e80000)
 ParOldGen       total 324096K, used 61213K [0x00000000a0000000, 0x00000000b3c80000, 0x00000000e0000000)
  object space 324096K, 18% used [0x00000000a0000000,0x00000000a3bc7710,0x00000000b3c80000)
 Metaspace       used 109708K, capacity 117210K, committed 119040K, reserved 1153024K
  class space    used 14152K, capacity 15452K, committed 15872K, reserved 1048576K
}
Event: 4838.083 GC heap before
{Heap before GC invocations=36 (full 5):
 PSYoungGen      total 392704K, used 378799K [0x00000000e0000000, 0x00000000f9b80000, 0x0000000100000000)
  eden space 363008K, 100% used [0x00000000e0000000,0x00000000f6280000,0x00000000f6280000)
  from space 29696K, 53% used [0x00000000f7e80000,0x00000000f8debe80,0x00000000f9b80000)
  to   space 28672K, 0% used [0x00000000f6280000,0x00000000f6280000,0x00000000f7e80000)
 ParOldGen       total 324096K, used 61213K [0x00000000a0000000, 0x00000000b3c80000, 0x00000000e0000000)
  object space 324096K, 18% used [0x00000000a0000000,0x00000000a3bc7710,0x00000000b3c80000)
 Metaspace       used 110922K, capacity 118490K, committed 120064K, reserved 1153024K
  class space    used 14261K, capacity 15576K, committed 15872K, reserved 1048576K
Event: 4838.099 GC heap after
Heap after GC invocations=36 (full 5):
 PSYoungGen      total 391680K, used 23961K [0x00000000e0000000, 0x00000000fa380000, 0x0000000100000000)
  eden space 363008K, 0% used [0x00000000e0000000,0x00000000e0000000,0x00000000f6280000)
  from space 28672K, 83% used [0x00000000f6280000,0x00000000f79e67a8,0x00000000f7e80000)
  to   space 30208K, 0% used [0x00000000f8600000,0x00000000f8600000,0x00000000fa380000)
 ParOldGen       total 324096K, used 61221K [0x00000000a0000000, 0x00000000b3c80000, 0x00000000e0000000)
  object space 324096K, 18% used [0x00000000a0000000,0x00000000a3bc9710,0x00000000b3c80000)
 Metaspace       used 110922K, capacity 118490K, committed 120064K, reserved 1153024K
  class space    used 14261K, capacity 15576K, committed 15872K, reserved 1048576K
}
Event: 4845.859 GC heap before
{Heap before GC invocations=37 (full 5):
 PSYoungGen      total 391680K, used 386969K [0x00000000e0000000, 0x00000000fa380000, 0x0000000100000000)
  eden space 363008K, 100% used [0x00000000e0000000,0x00000000f6280000,0x00000000f6280000)
  from space 28672K, 83% used [0x00000000f6280000,0x00000000f79e67a8,0x00000000f7e80000)
  to   space 30208K, 0% used [0x00000000f8600000,0x00000000f8600000,0x00000000fa380000)
 ParOldGen       total 324096K, used 61221K [0x00000000a0000000, 0x00000000b3c80000, 0x00000000e0000000)
  object space 324096K, 18% used [0x00000000a0000000,0x00000000a3bc9710,0x00000000b3c80000)
 Metaspace       used 112130K, capacity 119890K, committed 121216K, reserved 1155072K
  class space    used 14410K, capacity 15748K, committed 16000K, reserved 1048576K
Event: 4845.931 GC heap after
Heap after GC invocations=37 (full 5):
 PSYoungGen      total 393216K, used 30183K [0x00000000e0000000, 0x00000000fa380000, 0x0000000100000000)
  eden space 363008K, 0% used [0x00000000e0000000,0x00000000e0000000,0x00000000f6280000)
  from space 30208K, 99% used [0x00000000f8600000,0x00000000fa379e10,0x00000000fa380000)
  to   space 28672K, 0% used [0x00000000f6280000,0x00000000f6280000,0x00000000f7e80000)
 ParOldGen       total 324096K, used 85351K [0x00000000a0000000, 0x00000000b3c80000, 0x00000000e0000000)
  object space 324096K, 26% used [0x00000000a0000000,0x00000000a5359d98,0x00000000b3c80000)
 Metaspace       used 112130K, capacity 119890K, committed 121216K, reserved 1155072K
  class space    used 14410K, capacity 15748K, committed 16000K, reserved 1048576K
}
Event: 4846.858 GC heap before
{Heap before GC invocations=38 (full 5):
 PSYoungGen      total 393216K, used 393191K [0x00000000e0000000, 0x00000000fa380000, 0x0000000100000000)
  eden space 363008K, 100% used [0x00000000e0000000,0x00000000f6280000,0x00000000f6280000)
  from space 30208K, 99% used [0x00000000f8600000,0x00000000fa379e10,0x00000000fa380000)
  to   space 28672K, 0% used [0x00000000f6280000,0x00000000f6280000,0x00000000f7e80000)
 ParOldGen       total 324096K, used 85351K [0x00000000a0000000, 0x00000000b3c80000, 0x00000000e0000000)
  object space 324096K, 26% used [0x00000000a0000000,0x00000000a5359d98,0x00000000b3c80000)
 Metaspace       used 112650K, capacity 120474K, committed 121472K, reserved 1155072K
  class space    used 14479K, capacity 15810K, committed 16000K, reserved 1048576K
Event: 4846.906 GC heap after
Heap after GC invocations=38 (full 5):
 PSYoungGen      total 391680K, used 28649K [0x00000000e0000000, 0x00000000feb00000, 0x0000000100000000)
  eden space 363008K, 0% used [0x00000000e0000000,0x00000000e0000000,0x00000000f6280000)
  from space 28672K, 99% used [0x00000000f6280000,0x00000000f7e7a5d8,0x00000000f7e80000)
  to   space 46592K, 0% used [0x00000000fbd80000,0x00000000fbd80000,0x00000000feb00000)
 ParOldGen       total 324096K, used 94371K [0x00000000a0000000, 0x00000000b3c80000, 0x00000000e0000000)
  object space 324096K, 29% used [0x00000000a0000000,0x00000000a5c28de0,0x00000000b3c80000)
 Metaspace       used 112650K, capacity 120474K, committed 121472K, reserved 1155072K
  class space    used 14479K, capacity 15810K, committed 16000K, reserved 1048576K
}
Event: 4847.872 GC heap before
{Heap before GC invocations=39 (full 5):
 PSYoungGen      total 391680K, used 391657K [0x00000000e0000000, 0x00000000feb00000, 0x0000000100000000)
  eden space 363008K, 100% used [0x00000000e0000000,0x00000000f6280000,0x00000000f6280000)
  from space 28672K, 99% used [0x00000000f6280000,0x00000000f7e7a5d8,0x00000000f7e80000)
  to   space 46592K, 0% used [0x00000000fbd80000,0x00000000fbd80000,0x00000000feb00000)
 ParOldGen       total 324096K, used 94371K [0x00000000a0000000, 0x00000000b3c80000, 0x00000000e0000000)
  object space 324096K, 29% used [0x00000000a0000000,0x00000000a5c28de0,0x00000000b3c80000)
 Metaspace       used 112795K, capacity 120640K, committed 121728K, reserved 1155072K
  class space    used 14490K, capacity 15817K, committed 16000K, reserved 1048576K
Event: 4847.905 GC heap after
Heap after GC invocations=39 (full 5):
 PSYoungGen      total 454656K, used 33156K [0x00000000e0000000, 0x00000000fec80000, 0x0000000100000000)
  eden space 408064K, 0% used [0x00000000e0000000,0x00000000e0000000,0x00000000f8e80000)
  from space 46592K, 71% used [0x00000000fbd80000,0x00000000fdde1230,0x00000000feb00000)
  to   space 48128K, 0% used [0x00000000f8e80000,0x00000000f8e80000,0x00000000fbd80000)
 ParOldGen       total 324096K, used 94371K [0x00000000a0000000, 0x00000000b3c80000, 0x00000000e0000000)
  object space 324096K, 29% used [0x00000000a0000000,0x00000000a5c28de0,0x00000000b3c80000)
 Metaspace       used 112795K, capacity 120640K, committed 121728K, reserved 1155072K
  class space    used 14490K, capacity 15817K, committed 16000K, reserved 1048576K
}

Deoptimization events (10 events):
Event: 4847.765 Thread 0x000000001e25f000 Uncommon trap: reason=bimorphic action=maybe_recompile pc=0x0000000004b7a214 method=java.security.MessageDigest$Delegate.clone()Ljava/lang/Object; @ 14
Event: 4847.765 Thread 0x000000001e25f000 Uncommon trap: reason=bimorphic action=maybe_recompile pc=0x0000000004b7a214 method=java.security.MessageDigest$Delegate.clone()Ljava/lang/Object; @ 14
Event: 4847.824 Thread 0x000000001e25f000 Uncommon trap: reason=class_check action=maybe_recompile pc=0x0000000004e590a0 method=java.lang.StringCoding.decode(Ljava/nio/charset/Charset;[BII)[C @ 1
Event: 4847.826 Thread 0x000000001e25f000 Uncommon trap: reason=bimorphic action=maybe_recompile pc=0x0000000004b7a214 method=java.security.MessageDigest$Delegate.clone()Ljava/lang/Object; @ 14
Event: 4847.826 Thread 0x000000001e25f000 Uncommon trap: reason=class_check action=maybe_recompile pc=0x0000000004e590a0 method=java.lang.StringCoding.decode(Ljava/nio/charset/Charset;[BII)[C @ 1
Event: 4847.827 Thread 0x000000001e25f000 Uncommon trap: reason=bimorphic action=maybe_recompile pc=0x0000000004b7a214 method=java.security.MessageDigest$Delegate.clone()Ljava/lang/Object; @ 14
Event: 4847.827 Thread 0x000000001e25f000 Uncommon trap: reason=class_check action=maybe_recompile pc=0x0000000004e590a0 method=java.lang.StringCoding.decode(Ljava/nio/charset/Charset;[BII)[C @ 1
Event: 4847.828 Thread 0x000000001e25f000 Uncommon trap: reason=class_check action=maybe_recompile pc=0x0000000004e590a0 method=java.lang.StringCoding.decode(Ljava/nio/charset/Charset;[BII)[C @ 1
Event: 4847.828 Thread 0x000000001e25f000 Uncommon trap: reason=class_check action=maybe_recompile pc=0x0000000002f947d8 method=java.lang.StringCoding.decode(Ljava/nio/charset/Charset;[BII)[C @ 1
Event: 4847.829 Thread 0x000000001e25f000 Uncommon trap: reason=class_check action=maybe_recompile pc=0x000000000402f244 method=java.lang.StringCoding.decode(Ljava/nio/charset/Charset;[BII)[C @ 1

Classes redefined (0 events):
No events

Internal exceptions (10 events):
Event: 4845.845 Thread 0x000000001e251800 Exception <a 'sun/nio/fs/WindowsException'> (0x00000000f5cf1208) thrown at [D:\src\AOSP-openjdk-cygwin\jdk8u\hotspot\src\share\vm\prims\jni.cpp, line 710]
Event: 4845.847 Thread 0x000000001e251800 Exception <a 'sun/nio/fs/WindowsException'> (0x00000000f5cf8cd0) thrown at [D:\src\AOSP-openjdk-cygwin\jdk8u\hotspot\src\share\vm\prims\jni.cpp, line 710]
Event: 4845.968 Thread 0x000000001e251800 Exception <a 'sun/nio/fs/WindowsException'> (0x00000000e02d81c8) thrown at [D:\src\AOSP-openjdk-cygwin\jdk8u\hotspot\src\share\vm\prims\jni.cpp, line 710]
Event: 4845.988 Thread 0x000000001e251800 Exception <a 'sun/nio/fs/WindowsException'> (0x00000000e02e2208) thrown at [D:\src\AOSP-openjdk-cygwin\jdk8u\hotspot\src\share\vm\prims\jni.cpp, line 710]
Event: 4846.323 Thread 0x000000001b25e800 Exception <a 'sun/nio/fs/WindowsException'> (0x00000000e794ba00) thrown at [D:\src\AOSP-openjdk-cygwin\jdk8u\hotspot\src\share\vm\prims\jni.cpp, line 710]
Event: 4846.364 Thread 0x000000001b26c800 Exception <a 'sun/nio/fs/WindowsException'> (0x00000000e8266ee8) thrown at [D:\src\AOSP-openjdk-cygwin\jdk8u\hotspot\src\share\vm\prims\jni.cpp, line 710]
Event: 4846.473 Thread 0x0000000021e29000 Exception <a 'java/lang/NoSuchMethodError': <clinit>> (0x00000000ea6816a8) thrown at [D:\src\AOSP-openjdk-cygwin\jdk8u\hotspot\src\share\vm\prims\jni.cpp, line 1614]
Event: 4846.529 Thread 0x000000001e25f000 Implicit null exception at 0x00000000066b56f0 to 0x00000000066b5700
Event: 4846.595 Thread 0x0000000034ad5000 Exception <a 'sun/nio/fs/WindowsException'> (0x00000000ed7121a8) thrown at [D:\src\AOSP-openjdk-cygwin\jdk8u\hotspot\src\share\vm\prims\jni.cpp, line 710]
Event: 4846.836 Thread 0x0000000034ad8000 Exception <a 'sun/nio/fs/WindowsException'> (0x00000000f57fa288) thrown at [D:\src\AOSP-openjdk-cygwin\jdk8u\hotspot\src\share\vm\prims\jni.cpp, line 710]

Events (10 events):
Event: 4847.872 Executing VM operation: ParallelGCFailedAllocation
Event: 4847.905 Executing VM operation: ParallelGCFailedAllocation done
Event: 4847.906 Thread 0x000000001e25f800 DEOPT PACKING pc=0x0000000007011d12 sp=0x00000000322bd490
Event: 4847.906 Thread 0x000000001e25f800 DEOPT UNPACKING pc=0x00000000025975d0 sp=0x00000000322bd2c0 mode 0
Event: 4847.909 Thread 0x000000001e25f800 DEOPT PACKING pc=0x0000000007011d12 sp=0x00000000322bd490
Event: 4847.909 Thread 0x000000001e25f800 DEOPT UNPACKING pc=0x00000000025975d0 sp=0x00000000322bd2c0 mode 0
Event: 4847.912 Thread 0x000000001e25f800 DEOPT PACKING pc=0x0000000007011d12 sp=0x00000000322bd110
Event: 4847.912 Thread 0x000000001e25f800 DEOPT UNPACKING pc=0x00000000025975d0 sp=0x00000000322bcf40 mode 0
Event: 4847.926 Thread 0x000000001b26c800 DEOPT PACKING pc=0x0000000006e3e0ca sp=0x000000002820c320
Event: 4847.926 Thread 0x000000001b26c800 DEOPT UNPACKING pc=0x00000000025975d0 sp=0x000000002820c440 mode 0


Dynamic libraries:
0x00007ff756670000 - 0x00007ff7566a1000 	C:\Program Files\Android\Android Studio\jre\bin\java.exe
0x00007ff9bcd60000 - 0x00007ff9bcf50000 	C:\WINDOWS\SYSTEM32\ntdll.dll
0x00007ff9bb740000 - 0x00007ff9bb7f2000 	C:\WINDOWS\System32\KERNEL32.DLL
0x00007ff9ba610000 - 0x00007ff9ba8b3000 	C:\WINDOWS\System32\KERNELBASE.dll
0x00007ff9baee0000 - 0x00007ff9baf83000 	C:\WINDOWS\System32\ADVAPI32.dll
0x00007ff9bc5e0000 - 0x00007ff9bc67e000 	C:\WINDOWS\System32\msvcrt.dll
0x00007ff9bc4c0000 - 0x00007ff9bc557000 	C:\WINDOWS\System32\sechost.dll
0x00007ff9bcc00000 - 0x00007ff9bcd20000 	C:\WINDOWS\System32\RPCRT4.dll
0x00007ff9bc030000 - 0x00007ff9bc1c4000 	C:\WINDOWS\System32\USER32.dll
0x00007ff9ba8c0000 - 0x00007ff9ba8e1000 	C:\WINDOWS\System32\win32u.dll
0x00007ff9bc490000 - 0x00007ff9bc4b6000 	C:\WINDOWS\System32\GDI32.dll
0x00007ff9ba8f0000 - 0x00007ff9baa84000 	C:\WINDOWS\System32\gdi32full.dll
0x00007ff9b9d70000 - 0x00007ff9b9e0e000 	C:\WINDOWS\System32\msvcp_win.dll
0x00007ff9bac40000 - 0x00007ff9bad3a000 	C:\WINDOWS\System32\ucrtbase.dll
0x00007ff995b40000 - 0x00007ff995dc5000 	C:\WINDOWS\WinSxS\amd64_microsoft.windows.common-controls_6595b64144ccf1df_6.0.18362.778_none_e6c6b761130d4fb8\COMCTL32.dll
0x00007ff9bc690000 - 0x00007ff9bc9c6000 	C:\WINDOWS\System32\combase.dll
0x00007ff9b9cf0000 - 0x00007ff9b9d70000 	C:\WINDOWS\System32\bcryptPrimitives.dll
0x00007ff9bb160000 - 0x00007ff9bb18e000 	C:\WINDOWS\System32\IMM32.DLL
0x0000000065760000 - 0x0000000065832000 	C:\Program Files\Android\Android Studio\jre\jre\bin\msvcr100.dll
0x0000000065840000 - 0x0000000066086000 	C:\Program Files\Android\Android Studio\jre\jre\bin\server\jvm.dll
0x00007ff9bc680000 - 0x00007ff9bc688000 	C:\WINDOWS\System32\PSAPI.DLL
0x00007ff98f950000 - 0x00007ff98f959000 	C:\WINDOWS\SYSTEM32\WSOCK32.dll
0x00007ff9b63d0000 - 0x00007ff9b63f4000 	C:\WINDOWS\SYSTEM32\WINMM.dll
0x00007ff9afd80000 - 0x00007ff9afd8a000 	C:\WINDOWS\SYSTEM32\VERSION.dll
0x00007ff9bcb90000 - 0x00007ff9bcbff000 	C:\WINDOWS\System32\WS2_32.dll
0x00007ff9b63a0000 - 0x00007ff9b63cd000 	C:\WINDOWS\SYSTEM32\WINMMBASE.dll
0x00007ff9ba590000 - 0x00007ff9ba5da000 	C:\WINDOWS\System32\cfgmgr32.dll
0x00007ff987350000 - 0x00007ff98735f000 	C:\Program Files\Android\Android Studio\jre\jre\bin\verify.dll
0x00007ff980de0000 - 0x00007ff980e09000 	C:\Program Files\Android\Android Studio\jre\jre\bin\java.dll
0x00007ff9814f0000 - 0x00007ff981506000 	C:\Program Files\Android\Android Studio\jre\jre\bin\zip.dll
0x00007ff9bb860000 - 0x00007ff9bbf45000 	C:\WINDOWS\System32\SHELL32.dll
0x00007ff9bc1d0000 - 0x00007ff9bc279000 	C:\WINDOWS\System32\shcore.dll
0x00007ff9b9e10000 - 0x00007ff9ba590000 	C:\WINDOWS\System32\windows.storage.dll
0x00007ff9b9c70000 - 0x00007ff9b9c93000 	C:\WINDOWS\System32\profapi.dll
0x00007ff9b9ca0000 - 0x00007ff9b9cea000 	C:\WINDOWS\System32\powrprof.dll
0x00007ff9b9c20000 - 0x00007ff9b9c30000 	C:\WINDOWS\System32\UMPDC.dll
0x00007ff9bcb30000 - 0x00007ff9bcb82000 	C:\WINDOWS\System32\shlwapi.dll
0x00007ff9b9c30000 - 0x00007ff9b9c41000 	C:\WINDOWS\System32\kernel.appcore.dll
0x00007ff9badf0000 - 0x00007ff9bae07000 	C:\WINDOWS\System32\cryptsp.dll
0x00007ff981530000 - 0x00007ff98154a000 	C:\Program Files\Android\Android Studio\jre\jre\bin\net.dll
0x00007ff9af700000 - 0x00007ff9af8d5000 	C:\WINDOWS\SYSTEM32\urlmon.dll
0x00007ff9a65a0000 - 0x00007ff9a6846000 	C:\WINDOWS\SYSTEM32\iertutil.dll
0x00007ff9b9660000 - 0x00007ff9b966c000 	C:\WINDOWS\SYSTEM32\CRYPTBASE.DLL
0x00007ff9b9490000 - 0x00007ff9b94f7000 	C:\WINDOWS\system32\mswsock.dll
0x00007ff981510000 - 0x00007ff981523000 	C:\Program Files\Android\Android Studio\jre\jre\bin\nio.dll
0x00007ff981e20000 - 0x00007ff981e46000 	C:\Users\aparn\.gradle\native\30\windows-amd64\native-platform.dll
0x00007ff985da0000 - 0x00007ff985dad000 	C:\Program Files\Android\Android Studio\jre\jre\bin\management.dll
0x00007ff9b8fa0000 - 0x00007ff9b8fd3000 	C:\WINDOWS\system32\rsaenh.dll
0x00007ff9ba5e0000 - 0x00007ff9ba606000 	C:\WINDOWS\System32\bcrypt.dll
0x00007ff9b9b40000 - 0x00007ff9b9b65000 	C:\WINDOWS\SYSTEM32\USERENV.dll
0x00007ff9b9140000 - 0x00007ff9b917a000 	C:\WINDOWS\SYSTEM32\IPHLPAPI.DLL
0x00007ff9bc3d0000 - 0x00007ff9bc3d8000 	C:\WINDOWS\System32\NSI.dll
0x00007ff9b3320000 - 0x00007ff9b3336000 	C:\WINDOWS\SYSTEM32\dhcpcsvc6.DLL
0x00007ff9b3300000 - 0x00007ff9b331c000 	C:\WINDOWS\SYSTEM32\dhcpcsvc.DLL
0x00007ff9b9180000 - 0x00007ff9b924a000 	C:\WINDOWS\SYSTEM32\DNSAPI.dll
0x00007ff9801c0000 - 0x00007ff9801e4000 	C:\Program Files\Android\Android Studio\jre\jre\bin\sunec.dll
0x00007ff9b0c30000 - 0x00007ff9b0c3a000 	C:\Windows\System32\rasadhlp.dll
0x00007ff9b2580000 - 0x00007ff9b25f7000 	C:\WINDOWS\System32\fwpuclnt.dll
0x00007ff984ac0000 - 0x00007ff984acb000 	C:\Program Files\Android\Android Studio\jre\jre\bin\sunmscapi.dll
0x00007ff9baaf0000 - 0x00007ff9bac39000 	C:\WINDOWS\System32\CRYPT32.dll
0x00007ff9b9c50000 - 0x00007ff9b9c62000 	C:\WINDOWS\System32\MSASN1.dll
0x00007ff9af250000 - 0x00007ff9af26e000 	C:\Users\aparn\AppData\Local\Temp\native-platform605897548718219969dir\native-platform.dll
0x00007ff9b8c80000 - 0x00007ff9b8cb1000 	C:\WINDOWS\SYSTEM32\ntmarta.dll

VM Arguments:
jvm_args: -Xmx1536m -Dfile.encoding=windows-1252 -Duser.country=US -Duser.language=en -Duser.variant 
java_command: org.gradle.launcher.daemon.bootstrap.GradleDaemon 5.6.4
java_class_path (initial): C:\Users\aparn\.gradle\wrapper\dists\gradle-5.6.4-all\ankdp27end7byghfw1q2sw75f\gradle-5.6.4\lib\gradle-launcher-5.6.4.jar
Launcher Type: SUN_STANDARD

Environment Variables:
PATH=C:\Program Files (x86)\Common Files\Oracle\Java\javapath;C:\Program Files\Java\jdk-11.0.1\bin;C:\Program Files (x86)\Intel\Intel(R) Management Engine Components\iCLS\;C:\Program Files\Intel\Intel(R) Management Engine Components\iCLS\;C:\WINDOWS\system32;C:\WINDOWS;C:\WINDOWS\System32\Wbem;C:\WINDOWS\System32\WindowsPowerShell\v1.0\;C:\Program Files (x86)\Intel\Intel(R) Management Engine Components\DAL;C:\Program Files\Intel\Intel(R) Management Engine Components\DAL;C:\Program Files (x86)\Intel\Intel(R) Management Engine Components\IPT;C:\Program Files\Intel\Intel(R) Management Engine Components\IPT;C:\WINDOWS\System32\OpenSSH\;C:\Program Files\Microsoft SQL Server\Client SDK\ODBC\110\Tools\Binn\;C:\Program Files (x86)\Microsoft SQL Server\120\Tools\Binn\;C:\Program Files\Microsoft SQL Server\120\Tools\Binn\;C:\Program Files\Microsoft SQL Server\120\DTS\Binn\;C:\Program Files (x86)\Windows Kits\8.1\Windows Performance Toolkit\;C:\Program Files\nodejs\;C:\Program Files\Java\jdk-13\bin;C:\Users\aparn\AppData\Local\Microsoft\WindowsApps;C:\Users\aparn\AppData\Local\Programs\Microsoft VS Code\bin;C:\Users\aparn\AppData\Local\Microsoft\WindowsApps;C:\Users\aparn\AppData\Roaming\npm
USERNAME=aparn
OS=Windows_NT
PROCESSOR_IDENTIFIER=Intel64 Family 6 Model 158 Stepping 9, GenuineIntel



---------------  S Y S T E M  ---------------

OS: Windows 10.0 , 64 bit Build 18362 (10.0.18362.778)

CPU:total 8 (initial active 8) (4 cores per cpu, 2 threads per core) family 6 model 158 stepping 9, cmov, cx8, fxsr, mmx, sse, sse2, sse3, ssse3, sse4.1, sse4.2, popcnt, avx, avx2, aes, clmul, erms, 3dnowpref, lzcnt, ht, tsc, tscinvbit, bmi1, bmi2, adx

Memory: 4k page, physical 16584156k(2389052k free), swap 46068912k(6516k free)

vm_info: OpenJDK 64-Bit Server VM (25.212-b04) for windows-amd64 JRE (1.8.0_212-release-1586-b04), built by "builder" with MS VC++ 10.0 (VS2010)

time: Tue May 05 21:32:54 2020
timezone: Eastern Daylight Time
elapsed time: 4847 seconds (0d 1h 20m 47s)

