#
# There is insufficient memory for the Java Runtime Environment to continue.
# Native memory allocation (malloc) failed to allocate 1170576 bytes for Chunk::new
# Possible reasons:
#   The system is out of physical RAM or swap space
#   The process is running with CompressedOops enabled, and the Java Heap may be blocking the growth of the native heap
# Possible solutions:
#   Reduce memory load on the system
#   Increase physical memory or swap space
#   Check if swap backing store is full
#   Decrease Java heap size (-Xmx/-Xms)
#   Decrease number of Java threads
#   Decrease Java thread stack sizes (-Xss)
#   Set larger code cache with -XX:ReservedCodeCacheSize=
#   JVM is running with Unscaled Compressed Oops mode in which the Java heap is
#     placed in the first 4GB address space. The Java Heap base address is the
#     maximum limit for the native heap growth. Please use -XX:HeapBaseMinAddress
#     to set the Java Heap base and to place the Java Heap above 4GB virtual address.
# This output file may be truncated or incomplete.
#
#  Out of Memory Error (allocation.cpp:389), pid=34376, tid=0x0000000000008594
#
# JRE version: OpenJDK Runtime Environment (8.0_212-b04) (build 1.8.0_212-release-1586-b04)
# Java VM: OpenJDK 64-Bit Server VM (25.212-b04 mixed mode windows-amd64 compressed oops)
# Failed to write core dump. Minidumps are not enabled by default on client versions of Windows
#

---------------  T H R E A D  ---------------

Current thread (0x000000001843a800):  JavaThread "C2 CompilerThread0" daemon [_thread_in_native, id=34196, stack(0x0000000018d10000,0x0000000018e10000)]

Stack: [0x0000000018d10000,0x0000000018e10000]
[error occurred during error reporting (printing stack bounds), id 0xc0000005]

Native frames: (J=compiled Java code, j=interpreted, Vv=VM code, C=native code)


Current CompileTask:
C2:5533384 27728 % !   4       com.android.ide.common.resources.MergedResourceWriter::postWriteAction @ 103 (1116 bytes)


---------------  P R O C E S S  ---------------

Java Threads: ( => current thread )
  0x0000000021f58800 JavaThread "stdout" [_thread_in_native, id=34368, stack(0x0000000038c00000,0x0000000038d00000)]
  0x0000000021f56000 JavaThread "stderr" [_thread_in_native, id=19728, stack(0x0000000038b00000,0x0000000038c00000)]
  0x0000000021f51000 JavaThread "stdout" [_thread_in_native, id=28276, stack(0x0000000038a00000,0x0000000038b00000)]
  0x0000000021f4e800 JavaThread "stderr" [_thread_in_native, id=35080, stack(0x0000000038900000,0x0000000038a00000)]
  0x0000000021f55800 JavaThread "stdout" [_thread_in_native, id=20684, stack(0x0000000038800000,0x0000000038900000)]
  0x0000000021f4c800 JavaThread "stderr" [_thread_in_native, id=26400, stack(0x0000000038700000,0x0000000038800000)]
  0x0000000021f4f800 JavaThread "stdout" [_thread_in_native, id=28500, stack(0x0000000038600000,0x0000000038700000)]
  0x0000000021f50000 JavaThread "stderr" [_thread_in_native, id=38956, stack(0x0000000035480000,0x0000000035580000)]
  0x0000000021f4e000 JavaThread "stdout" [_thread_in_native, id=33880, stack(0x0000000035270000,0x0000000035370000)]
  0x0000000021df8000 JavaThread "stderr" [_thread_in_native, id=19220, stack(0x0000000033fb0000,0x00000000340b0000)]
  0x0000000021dfa800 JavaThread "stdout" [_thread_in_native, id=35512, stack(0x0000000033da0000,0x0000000033ea0000)]
  0x0000000021df6800 JavaThread "stderr" [_thread_in_native, id=38764, stack(0x0000000033b90000,0x0000000033c90000)]
  0x0000000021df9000 JavaThread "stdout" [_thread_in_native, id=20776, stack(0x0000000033a90000,0x0000000033b90000)]
  0x0000000021df7800 JavaThread "stderr" [_thread_in_native, id=13860, stack(0x000000002a540000,0x000000002a640000)]
  0x0000000021dee800 JavaThread "WorkerExecutor Queue Thread 8" [_thread_blocked, id=14872, stack(0x000000002a440000,0x000000002a540000)]
  0x0000000021df5000 JavaThread "WorkerExecutor Queue Thread 7" [_thread_blocked, id=25224, stack(0x000000002a340000,0x000000002a440000)]
  0x0000000021df0000 JavaThread "WorkerExecutor Queue Thread 6" [_thread_blocked, id=24928, stack(0x000000002a240000,0x000000002a340000)]
  0x0000000021ded800 JavaThread "WorkerExecutor Queue Thread 5" [_thread_blocked, id=38184, stack(0x000000002a040000,0x000000002a140000)]
  0x0000000021df3000 JavaThread "WorkerExecutor Queue Thread 4" [_thread_blocked, id=33360, stack(0x0000000028d10000,0x0000000028e10000)]
  0x0000000021df1800 JavaThread "pool-71-thread-1" [_thread_blocked, id=39624, stack(0x0000000028c10000,0x0000000028d10000)]
  0x0000000021deb800 JavaThread "WorkerExecutor Queue Thread 3" [_thread_blocked, id=29476, stack(0x0000000028b10000,0x0000000028c10000)]
  0x000000001f0e3000 JavaThread "WorkerExecutor Queue Thread 2" [_thread_blocked, id=17632, stack(0x0000000028a10000,0x0000000028b10000)]
  0x000000001f0e0800 JavaThread "WorkerExecutor Queue" [_thread_blocked, id=38796, stack(0x0000000028910000,0x0000000028a10000)]
  0x000000001f0db000 JavaThread "Cache worker for execution history cache (C:\Users\aparn\AndroidStudioProjects\FinalProjectPhase1\FinalProject\.gradle\5.6.4\executionHistory)" [_thread_blocked, id=31948, stack(0x0000000028810000,0x0000000028910000)]
  0x000000001f0e0000 JavaThread "Execution worker for ':' Thread 7" [_thread_blocked, id=13840, stack(0x0000000028710000,0x0000000028810000)]
  0x000000001f0df000 JavaThread "Execution worker for ':' Thread 6" [_thread_in_Java, id=36952, stack(0x0000000028180000,0x0000000028280000)]
  0x000000001f0dd800 JavaThread "Execution worker for ':' Thread 5" [_thread_blocked, id=33008, stack(0x0000000027c80000,0x0000000027d80000)]
  0x000000001f0de800 JavaThread "Execution worker for ':' Thread 4" [_thread_blocked, id=33608, stack(0x0000000027580000,0x0000000027680000)]
  0x000000001f0e2000 JavaThread "Execution worker for ':' Thread 3" [_thread_blocked, id=24456, stack(0x0000000026f70000,0x0000000027070000)]
  0x000000001f0dd000 JavaThread "Execution worker for ':' Thread 2" [_thread_blocked, id=18852, stack(0x0000000026470000,0x0000000026570000)]
  0x000000001f0e1800 JavaThread "Execution worker for ':'" [_thread_blocked, id=38840, stack(0x0000000025960000,0x0000000025a60000)]
  0x000000001f0d3800 JavaThread "Cache worker for file content cache (C:\Users\aparn\AndroidStudioProjects\FinalProjectPhase1\FinalProject\.gradle\5.6.4\fileContent)" [_thread_blocked, id=18608, stack(0x00000000245d0000,0x00000000246d0000)]
  0x000000001f0da800 JavaThread "Cache worker for Build Output Cleanup Cache (C:\Users\aparn\AndroidStudioProjects\FinalProjectPhase1\FinalProject\.gradle\buildOutputCleanup)" [_thread_blocked, id=9192, stack(0x0000000022f00000,0x0000000023000000)]
  0x000000001f0d9000 JavaThread "Build operations Thread 8" [_thread_blocked, id=37896, stack(0x0000000022e00000,0x0000000022f00000)]
  0x000000001f0d8000 JavaThread "Build operations Thread 7" [_thread_blocked, id=36560, stack(0x0000000022d00000,0x0000000022e00000)]
  0x000000001f0d6000 JavaThread "Build operations Thread 6" [_thread_blocked, id=20976, stack(0x0000000022c00000,0x0000000022d00000)]
  0x000000001f0d5000 JavaThread "Build operations Thread 5" [_thread_blocked, id=4224, stack(0x0000000022b00000,0x0000000022c00000)]
  0x00000000202bd000 JavaThread "Build operations Thread 4" [_thread_blocked, id=37660, stack(0x0000000022a00000,0x0000000022b00000)]
  0x00000000202be000 JavaThread "Build operations Thread 3" [_thread_blocked, id=7808, stack(0x0000000022900000,0x0000000022a00000)]
  0x00000000202c4000 JavaThread "Build operations Thread 2" [_thread_blocked, id=11172, stack(0x00000000225f0000,0x00000000226f0000)]
  0x00000000202c2800 JavaThread "Build operations" [_thread_blocked, id=8948, stack(0x0000000020f80000,0x0000000021080000)]
  0x00000000202c1800 JavaThread "Cache worker for cache directory md-rule (C:\Users\aparn\.gradle\caches\5.6.4\md-rule)" [_thread_blocked, id=19276, stack(0x000000001f7d0000,0x000000001f8d0000)]
  0x00000000202c1000 JavaThread "Cache worker for cache directory md-supplier (C:\Users\aparn\.gradle\caches\5.6.4\md-supplier)" [_thread_blocked, id=16796, stack(0x000000001f4d0000,0x000000001f5d0000)]
  0x00000000202c0000 JavaThread "Cache worker for file hash cache (C:\Users\aparn\AndroidStudioProjects\FinalProjectPhase1\FinalProject\.gradle\5.6.4\fileHashes)" [_thread_blocked, id=37460, stack(0x000000001ca30000,0x000000001cb30000)]
  0x00000000202b5800 JavaThread "Thread-968" [_thread_blocked, id=29256, stack(0x000000001c930000,0x000000001ca30000)]
  0x00000000202b8000 JavaThread "Stdin handler" [_thread_blocked, id=24560, stack(0x000000001c830000,0x000000001c930000)]
  0x00000000202bc800 JavaThread "Asynchronous log dispatcher for DefaultDaemonConnection: socket connection from /127.0.0.1:62218 to /127.0.0.1:63716" [_thread_blocked, id=19420, stack(0x000000001c530000,0x000000001c630000)]
  0x00000000202bb000 JavaThread "Daemon worker Thread 17" [_thread_blocked, id=36168, stack(0x000000001c430000,0x000000001c530000)]
  0x00000000202bb800 JavaThread "Cancel handler" [_thread_blocked, id=25352, stack(0x0000000000ba0000,0x0000000000ca0000)]
  0x00000000202ba000 JavaThread "Handler for socket connection from /127.0.0.1:62218 to /127.0.0.1:63716" [_thread_in_native, id=37436, stack(0x0000000000aa0000,0x0000000000ba0000)]
  0x00000000202b9800 JavaThread "Daemon Thread 17" [_thread_blocked, id=25508, stack(0x00000000009a0000,0x0000000000aa0000)]
  0x0000000021df9800 JavaThread "RMI RenewClean-[127.0.0.1:17792,org.jetbrains.kotlin.daemon.common.LoopbackNetworkInterface$ClientLoopbackSocketFactory@7ee3be66]" daemon [_thread_blocked, id=2828, stack(0x000000002a140000,0x000000002a240000)]
  0x0000000021df2000 JavaThread "Cache worker for Java compile cache (C:\Users\aparn\.gradle\caches\5.6.4\javaCompile)" [_thread_blocked, id=25800, stack(0x0000000027b80000,0x0000000027c80000)]
  0x000000001afea800 JavaThread "RMI Reaper" [_thread_blocked, id=26340, stack(0x0000000027880000,0x0000000027980000)]
  0x0000000021f5a800 JavaThread "RMI TCP Accept-0" daemon [_thread_in_native, id=15524, stack(0x0000000027780000,0x0000000027880000)]
  0x0000000021f59000 JavaThread "GC Daemon" daemon [_thread_blocked, id=36192, stack(0x0000000027680000,0x0000000027780000)]
  0x0000000021f57800 JavaThread "RMI Scheduler(0)" daemon [_thread_blocked, id=27732, stack(0x0000000027480000,0x0000000027580000)]
  0x00000000202b8800 JavaThread "Cache worker for file content cache (C:\Users\aparn\.gradle\caches\5.6.4\fileContent)" [_thread_blocked, id=35796, stack(0x00000000251d0000,0x00000000252d0000)]
  0x00000000202bf800 JavaThread "Memory manager" [_thread_blocked, id=20980, stack(0x00000000250d0000,0x00000000251d0000)]
  0x00000000202b7000 JavaThread "Cache worker for execution history cache (C:\Users\aparn\.gradle\caches\5.6.4\executionHistory)" [_thread_blocked, id=33296, stack(0x00000000224f0000,0x00000000225f0000)]
  0x000000001afeb000 JavaThread "Cache worker for journal cache (C:\Users\aparn\.gradle\caches\journal-1)" [_thread_blocked, id=20140, stack(0x000000001d230000,0x000000001d330000)]
  0x000000001afe7800 JavaThread "File lock request listener" [_thread_in_native, id=9552, stack(0x000000001d130000,0x000000001d230000)]
  0x000000001afec000 JavaThread "Cache worker for file hash cache (C:\Users\aparn\.gradle\caches\5.6.4\fileHashes)" [_thread_blocked, id=38008, stack(0x000000001ce30000,0x000000001cf30000)]
  0x000000001ae4d800 JavaThread "Daemon periodic checks" [_thread_blocked, id=19196, stack(0x000000001c330000,0x000000001c430000)]
  0x000000001ae31000 JavaThread "Incoming local TCP Connector on port 62218" [_thread_in_native, id=5144, stack(0x000000001c0f0000,0x000000001c1f0000)]
  0x000000001adaf800 JavaThread "Daemon health stats" [_thread_blocked, id=21596, stack(0x000000001bab0000,0x000000001bbb0000)]
  0x00000000184e1000 JavaThread "Service Thread" daemon [_thread_blocked, id=16480, stack(0x0000000019110000,0x0000000019210000)]
  0x0000000018450000 JavaThread "C1 CompilerThread3" daemon [_thread_blocked, id=36896, stack(0x0000000019010000,0x0000000019110000)]
  0x000000001844c000 JavaThread "C2 CompilerThread2" daemon [_thread_blocked, id=16912, stack(0x0000000018f10000,0x0000000019010000)]
  0x0000000018446000 JavaThread "C2 CompilerThread1" daemon [_thread_blocked, id=10280, stack(0x0000000018e10000,0x0000000018f10000)]
=>0x000000001843a800 JavaThread "C2 CompilerThread0" daemon [_thread_in_native, id=34196, stack(0x0000000018d10000,0x0000000018e10000)]
  0x0000000018439800 JavaThread "Attach Listener" daemon [_thread_blocked, id=17060, stack(0x0000000018c10000,0x0000000018d10000)]
  0x0000000018436800 JavaThread "Signal Dispatcher" daemon [_thread_blocked, id=32488, stack(0x0000000018b10000,0x0000000018c10000)]
  0x0000000002869800 JavaThread "Finalizer" daemon [_thread_blocked, id=31388, stack(0x0000000018910000,0x0000000018a10000)]
  0x000000001662c800 JavaThread "Reference Handler" daemon [_thread_blocked, id=8972, stack(0x0000000018810000,0x0000000018910000)]
  0x0000000002772800 JavaThread "main" [_thread_blocked, id=23236, stack(0x00000000025a0000,0x00000000026a0000)]

Other Threads:
  0x0000000016626000 VMThread [stack: 0x0000000018310000,0x0000000018410000] [id=7988]
  0x00000000184e2000 WatcherThread [stack: 0x0000000019210000,0x0000000019310000] [id=16744]

VM state:not at safepoint (normal execution)

VM Mutex/Monitor currently owned by a thread: None

heap address: 0x00000000a0000000, size: 1536 MB, Compressed Oops mode: 32-bit
Narrow klass base: 0x0000000000000000, Narrow klass shift: 3
Compressed class space size: 1073741824 Address: 0x0000000100000000

Heap:
 PSYoungGen      total 378880K, used 328294K [0x00000000e0000000, 0x00000000f9900000, 0x0000000100000000)
  eden space 340992K, 92% used [0x00000000e0000000,0x00000000f334e300,0x00000000f4d00000)
  from space 37888K, 35% used [0x00000000f7400000,0x00000000f814b788,0x00000000f9900000)
  to   space 38912K, 0% used [0x00000000f4d00000,0x00000000f4d00000,0x00000000f7300000)
 ParOldGen       total 330752K, used 59071K [0x00000000a0000000, 0x00000000b4300000, 0x00000000e0000000)
  object space 330752K, 17% used [0x00000000a0000000,0x00000000a39afde8,0x00000000b4300000)
 Metaspace       used 101821K, capacity 109020K, committed 109568K, reserved 1144832K
  class space    used 13026K, capacity 14192K, committed 14336K, reserved 1048576K

Card table byte_map: [0x0000000011c30000,0x0000000011f40000] byte_map_base: 0x0000000011730000

Marking Bits: (ParMarkBitMap*) 0x0000000066009f30
 Begin Bits: [0x0000000012940000, 0x0000000014140000)
 End Bits:   [0x0000000014140000, 0x0000000015940000)

Polling page: 0x0000000000d20000

CodeCache: size=245760Kb used=73168Kb max_used=73201Kb free=172591Kb
 bounds [0x0000000002870000, 0x0000000007070000, 0x0000000011870000]
 total_blobs=22130 nmethods=21202 adapters=839
 compilation: enabled

Compilation events (10 events):
Event: 5533.310 Thread 0x0000000018450000 nmethod 27741 0x0000000003615010 code [0x0000000003615160, 0x0000000003615270]
Event: 5533.334 Thread 0x0000000018450000 27742       1       org.gradle.api.internal.file.copy.DefaultCopySpec::access$800 (5 bytes)
Event: 5533.335 Thread 0x0000000018450000 nmethod 27742 0x00000000047da150 code [0x00000000047da2a0, 0x00000000047da390]
Event: 5533.335 Thread 0x0000000018450000 27743       3       org.gradle.api.tasks.util.PatternSet::exclude (50 bytes)
Event: 5533.336 Thread 0x0000000018450000 nmethod 27743 0x0000000003e89210 code [0x0000000003e89460, 0x0000000003e89fd8]
Event: 5533.336 Thread 0x0000000018450000 27744       3       com.android.build.gradle.internal.dependency.BaseDexingTransform$Parameters$Inject::$gradleServices (13 bytes)
Event: 5533.336 Thread 0x0000000018450000 nmethod 27744 0x00000000047d9b10 code [0x00000000047d9c80, 0x00000000047da028]
Event: 5533.358 Thread 0x0000000018450000 27745       3       org.gradle.internal.execution.history.impl.DefaultOutputFilesRepository$1::preVisitDirectory (7 bytes)
Event: 5533.358 Thread 0x0000000018450000 nmethod 27745 0x00000000047d9790 code [0x00000000047d9900, 0x00000000047d9a88]
Event: 5533.363 Thread 0x0000000018446000 nmethod 27644 0x000000000705ab10 code [0x000000000705b1c0, 0x00000000070606d0]

GC Heap History (10 events):
Event: 5100.412 GC heap before
{Heap before GC invocations=45 (full 4):
 PSYoungGen      total 370176K, used 357895K [0x00000000e0000000, 0x00000000f9180000, 0x0000000100000000)
  eden space 335360K, 100% used [0x00000000e0000000,0x00000000f4780000,0x00000000f4780000)
  from space 34816K, 64% used [0x00000000f6f80000,0x00000000f8581fa8,0x00000000f9180000)
  to   space 37888K, 0% used [0x00000000f4780000,0x00000000f4780000,0x00000000f6c80000)
 ParOldGen       total 330752K, used 89479K [0x00000000a0000000, 0x00000000b4300000, 0x00000000e0000000)
  object space 330752K, 27% used [0x00000000a0000000,0x00000000a5761f78,0x00000000b4300000)
 Metaspace       used 101654K, capacity 108928K, committed 109056K, reserved 1144832K
  class space    used 13048K, capacity 14234K, committed 14336K, reserved 1048576K
Event: 5100.425 GC heap after
Heap after GC invocations=45 (full 4):
 PSYoungGen      total 373248K, used 28822K [0x00000000e0000000, 0x00000000f9700000, 0x0000000100000000)
  eden space 335360K, 0% used [0x00000000e0000000,0x00000000e0000000,0x00000000f4780000)
  from space 37888K, 76% used [0x00000000f4780000,0x00000000f63a5bb8,0x00000000f6c80000)
  to   space 38400K, 0% used [0x00000000f7180000,0x00000000f7180000,0x00000000f9700000)
 ParOldGen       total 330752K, used 89535K [0x00000000a0000000, 0x00000000b4300000, 0x00000000e0000000)
  object space 330752K, 27% used [0x00000000a0000000,0x00000000a576ff78,0x00000000b4300000)
 Metaspace       used 101654K, capacity 108928K, committed 109056K, reserved 1144832K
  class space    used 13048K, capacity 14234K, committed 14336K, reserved 1048576K
}
Event: 5105.724 GC heap before
{Heap before GC invocations=46 (full 4):
 PSYoungGen      total 373248K, used 62532K [0x00000000e0000000, 0x00000000f9700000, 0x0000000100000000)
  eden space 335360K, 10% used [0x00000000e0000000,0x00000000e20eb508,0x00000000f4780000)
  from space 37888K, 76% used [0x00000000f4780000,0x00000000f63a5bb8,0x00000000f6c80000)
  to   space 38400K, 0% used [0x00000000f7180000,0x00000000f7180000,0x00000000f9700000)
 ParOldGen       total 330752K, used 89535K [0x00000000a0000000, 0x00000000b4300000, 0x00000000e0000000)
  object space 330752K, 27% used [0x00000000a0000000,0x00000000a576ff78,0x00000000b4300000)
 Metaspace       used 101659K, capacity 108932K, committed 109056K, reserved 1144832K
  class space    used 13048K, capacity 14234K, committed 14336K, reserved 1048576K
Event: 5105.728 GC heap after
Heap after GC invocations=46 (full 4):
 PSYoungGen      total 376320K, used 3987K [0x00000000e0000000, 0x00000000f9b00000, 0x0000000100000000)
  eden space 337920K, 0% used [0x00000000e0000000,0x00000000e0000000,0x00000000f4a00000)
  from space 38400K, 10% used [0x00000000f7180000,0x00000000f7564f88,0x00000000f9700000)
  to   space 40448K, 0% used [0x00000000f4a00000,0x00000000f4a00000,0x00000000f7180000)
 ParOldGen       total 330752K, used 89935K [0x00000000a0000000, 0x00000000b4300000, 0x00000000e0000000)
  object space 330752K, 27% used [0x00000000a0000000,0x00000000a57d3f78,0x00000000b4300000)
 Metaspace       used 101659K, capacity 108932K, committed 109056K, reserved 1144832K
  class space    used 13048K, capacity 14234K, committed 14336K, reserved 1048576K
}
Event: 5105.728 GC heap before
{Heap before GC invocations=47 (full 5):
 PSYoungGen      total 376320K, used 3987K [0x00000000e0000000, 0x00000000f9b00000, 0x0000000100000000)
  eden space 337920K, 0% used [0x00000000e0000000,0x00000000e0000000,0x00000000f4a00000)
  from space 38400K, 10% used [0x00000000f7180000,0x00000000f7564f88,0x00000000f9700000)
  to   space 40448K, 0% used [0x00000000f4a00000,0x00000000f4a00000,0x00000000f7180000)
 ParOldGen       total 330752K, used 89935K [0x00000000a0000000, 0x00000000b4300000, 0x00000000e0000000)
  object space 330752K, 27% used [0x00000000a0000000,0x00000000a57d3f78,0x00000000b4300000)
 Metaspace       used 101659K, capacity 108932K, committed 109056K, reserved 1144832K
  class space    used 13048K, capacity 14234K, committed 14336K, reserved 1048576K
Event: 5106.075 GC heap after
Heap after GC invocations=47 (full 5):
 PSYoungGen      total 376320K, used 0K [0x00000000e0000000, 0x00000000f9b00000, 0x0000000100000000)
  eden space 337920K, 0% used [0x00000000e0000000,0x00000000e0000000,0x00000000f4a00000)
  from space 38400K, 0% used [0x00000000f7180000,0x00000000f7180000,0x00000000f9700000)
  to   space 40448K, 0% used [0x00000000f4a00000,0x00000000f4a00000,0x00000000f7180000)
 ParOldGen       total 330752K, used 59055K [0x00000000a0000000, 0x00000000b4300000, 0x00000000e0000000)
  object space 330752K, 17% used [0x00000000a0000000,0x00000000a39abde8,0x00000000b4300000)
 Metaspace       used 101513K, capacity 108696K, committed 109056K, reserved 1144832K
  class space    used 13025K, capacity 14192K, committed 14336K, reserved 1048576K
}
Event: 5324.532 GC heap before
{Heap before GC invocations=48 (full 5):
 PSYoungGen      total 376320K, used 337920K [0x00000000e0000000, 0x00000000f9b00000, 0x0000000100000000)
  eden space 337920K, 100% used [0x00000000e0000000,0x00000000f4a00000,0x00000000f4a00000)
  from space 38400K, 0% used [0x00000000f7180000,0x00000000f7180000,0x00000000f9700000)
  to   space 40448K, 0% used [0x00000000f4a00000,0x00000000f4a00000,0x00000000f7180000)
 ParOldGen       total 330752K, used 59055K [0x00000000a0000000, 0x00000000b4300000, 0x00000000e0000000)
  object space 330752K, 17% used [0x00000000a0000000,0x00000000a39abde8,0x00000000b4300000)
 Metaspace       used 101660K, capacity 108828K, committed 109312K, reserved 1144832K
  class space    used 13025K, capacity 14192K, committed 14336K, reserved 1048576K
Event: 5324.540 GC heap after
Heap after GC invocations=48 (full 5):
 PSYoungGen      total 378368K, used 15749K [0x00000000e0000000, 0x00000000f9a80000, 0x0000000100000000)
  eden space 337920K, 0% used [0x00000000e0000000,0x00000000e0000000,0x00000000f4a00000)
  from space 40448K, 38% used [0x00000000f4a00000,0x00000000f5961668,0x00000000f7180000)
  to   space 39424K, 0% used [0x00000000f7400000,0x00000000f7400000,0x00000000f9a80000)
 ParOldGen       total 330752K, used 59063K [0x00000000a0000000, 0x00000000b4300000, 0x00000000e0000000)
  object space 330752K, 17% used [0x00000000a0000000,0x00000000a39adde8,0x00000000b4300000)
 Metaspace       used 101660K, capacity 108828K, committed 109312K, reserved 1144832K
  class space    used 13025K, capacity 14192K, committed 14336K, reserved 1048576K
}
Event: 5348.061 GC heap before
{Heap before GC invocations=49 (full 5):
 PSYoungGen      total 378368K, used 353669K [0x00000000e0000000, 0x00000000f9a80000, 0x0000000100000000)
  eden space 337920K, 100% used [0x00000000e0000000,0x00000000f4a00000,0x00000000f4a00000)
  from space 40448K, 38% used [0x00000000f4a00000,0x00000000f5961668,0x00000000f7180000)
  to   space 39424K, 0% used [0x00000000f7400000,0x00000000f7400000,0x00000000f9a80000)
 ParOldGen       total 330752K, used 59063K [0x00000000a0000000, 0x00000000b4300000, 0x00000000e0000000)
  object space 330752K, 17% used [0x00000000a0000000,0x00000000a39adde8,0x00000000b4300000)
 Metaspace       used 101710K, capacity 108892K, committed 109312K, reserved 1144832K
  class space    used 13026K, capacity 14192K, committed 14336K, reserved 1048576K
Event: 5348.070 GC heap after
Heap after GC invocations=49 (full 5):
 PSYoungGen      total 378880K, used 13613K [0x00000000e0000000, 0x00000000f9900000, 0x0000000100000000)
  eden space 340992K, 0% used [0x00000000e0000000,0x00000000e0000000,0x00000000f4d00000)
  from space 37888K, 35% used [0x00000000f7400000,0x00000000f814b788,0x00000000f9900000)
  to   space 38912K, 0% used [0x00000000f4d00000,0x00000000f4d00000,0x00000000f7300000)
 ParOldGen       total 330752K, used 59071K [0x00000000a0000000, 0x00000000b4300000, 0x00000000e0000000)
  object space 330752K, 17% used [0x00000000a0000000,0x00000000a39afde8,0x00000000b4300000)
 Metaspace       used 101710K, capacity 108892K, committed 109312K, reserved 1144832K
  class space    used 13026K, capacity 14192K, committed 14336K, reserved 1048576K
}

Deoptimization events (10 events):
Event: 5287.318 Thread 0x00000000202ba000 Uncommon trap: reason=unstable_if action=reinterpret pc=0x00000000034499d4 method=java.lang.ref.SoftReference.get()Ljava/lang/Object; @ 6
Event: 5287.318 Thread 0x00000000202ba000 Uncommon trap: reason=unstable_if action=reinterpret pc=0x0000000005683f8c method=java.lang.ref.SoftReference.get()Ljava/lang/Object; @ 6
Event: 5287.503 Thread 0x00000000202ba000 Uncommon trap: reason=unstable_if action=reinterpret pc=0x0000000003b92af0 method=sun.security.util.Cache$EqualByteArray.hashCode()I @ 6
Event: 5324.542 Thread 0x0000000002869800 Uncommon trap: reason=unstable_if action=reinterpret pc=0x00000000033d7fd8 method=java.lang.ThreadLocal$ThreadLocalMap.remove(Ljava/lang/ThreadLocal;)V @ 26
Event: 5324.669 Thread 0x000000001f0df000 Uncommon trap: reason=unstable_if action=reinterpret pc=0x000000000398b980 method=java.lang.ref.SoftReference.get()Ljava/lang/Object; @ 6
Event: 5346.228 Thread 0x00000000202ba000 Uncommon trap: reason=unstable_if action=reinterpret pc=0x0000000003a41b78 method=java.lang.ref.SoftReference.get()Ljava/lang/Object; @ 6
Event: 5349.084 Thread 0x0000000021deb800 Uncommon trap: reason=unstable_if action=reinterpret pc=0x000000000309b6a8 method=java.math.MutableBigInteger.mul(ILjava/math/MutableBigInteger;)V @ 12
Event: 5349.084 Thread 0x0000000021deb800 Uncommon trap: reason=unstable_if action=reinterpret pc=0x0000000002c12b18 method=java.math.MutableBigInteger.add(Ljava/math/MutableBigInteger;)V @ 171
Event: 5532.083 Thread 0x00000000202bb000 Uncommon trap: reason=null_check action=make_not_entrant pc=0x0000000006cb870c method=org.gradle.api.internal.tasks.properties.bean.AbstractNestedRuntimeBeanNode$BeanPropertyValue.isProvider()Z @ 9
Event: 5532.763 Thread 0x00000000202bb000 Uncommon trap: reason=null_check action=make_not_entrant pc=0x0000000007026b48 method=org.gradle.api.internal.tasks.properties.bean.AbstractNestedRuntimeBeanNode$BeanPropertyValue.isBuildable()Z @ 9

Classes redefined (0 events):
No events

Internal exceptions (10 events):
Event: 5289.643 Thread 0x000000001f0de800 Exception <a 'sun/nio/fs/WindowsException'> (0x00000000ed40cc78) thrown at [D:\src\AOSP-openjdk-cygwin\jdk8u\hotspot\src\share\vm\prims\jni.cpp, line 710]
Event: 5289.855 Thread 0x0000000021df3000 Exception <a 'java/lang/InterruptedException'> (0x00000000efc0bdc8) thrown at [D:\src\AOSP-openjdk-cygwin\jdk8u\hotspot\src\share\vm\runtime\objectMonitor.cpp, line 1680]
Event: 5290.673 Thread 0x00000000202ba000 Exception <a 'sun/nio/fs/WindowsException'> (0x00000000f21adca0) thrown at [D:\src\AOSP-openjdk-cygwin\jdk8u\hotspot\src\share\vm\prims\jni.cpp, line 710]
Event: 5324.669 Thread 0x000000001f0df000 Implicit null exception at 0x000000000398a27f to 0x000000000398b969
Event: 5325.022 Thread 0x00000000202ba000 Exception <a 'sun/nio/fs/WindowsException'> (0x00000000e8daa1a8) thrown at [D:\src\AOSP-openjdk-cygwin\jdk8u\hotspot\src\share\vm\prims\jni.cpp, line 710]
Event: 5346.228 Thread 0x00000000202ba000 Implicit null exception at 0x0000000003a4047f to 0x0000000003a41b61
Event: 5348.110 Thread 0x0000000021f58800 Exception <a 'sun/nio/fs/WindowsException'> (0x00000000e1782858) thrown at [D:\src\AOSP-openjdk-cygwin\jdk8u\hotspot\src\share\vm\prims\jni.cpp, line 710]
Event: 5348.110 Thread 0x0000000021f58800 Exception <a 'sun/nio/fs/WindowsException'> (0x00000000e1782d00) thrown at [D:\src\AOSP-openjdk-cygwin\jdk8u\hotspot\src\share\vm\prims\jni.cpp, line 710]
Event: 5348.347 Thread 0x0000000021df9800 Exception <a 'java/lang/InterruptedException'> (0x00000000e4225e40) thrown at [D:\src\AOSP-openjdk-cygwin\jdk8u\hotspot\src\share\vm\runtime\objectMonitor.cpp, line 1680]
Event: 5349.127 Thread 0x00000000202ba000 Exception <a 'sun/nio/fs/WindowsException'> (0x00000000e665ebc0) thrown at [D:\src\AOSP-openjdk-cygwin\jdk8u\hotspot\src\share\vm\prims\jni.cpp, line 710]

Events (10 events):
Event: 5533.147 Thread 0x0000000021f4e000 Thread added: 0x0000000021f4e000
Event: 5533.150 Thread 0x0000000021f50000 Thread added: 0x0000000021f50000
Event: 5533.150 Thread 0x0000000021f4f800 Thread added: 0x0000000021f4f800
Event: 5533.153 Thread 0x0000000021f4c800 Thread added: 0x0000000021f4c800
Event: 5533.153 Thread 0x0000000021f55800 Thread added: 0x0000000021f55800
Event: 5533.156 Thread 0x0000000021f4e800 Thread added: 0x0000000021f4e800
Event: 5533.157 Thread 0x0000000021f51000 Thread added: 0x0000000021f51000
Event: 5533.176 Thread 0x0000000021f56000 Thread added: 0x0000000021f56000
Event: 5533.176 Thread 0x0000000021f58800 Thread added: 0x0000000021f58800
Event: 5533.196 Thread 0x000000001844c000 flushing nmethod 0x000000000583b110


Dynamic libraries:
0x00007ff756670000 - 0x00007ff7566a1000 	C:\Program Files\Android\Android Studio\jre\bin\java.exe
0x00007ff9bcd60000 - 0x00007ff9bcf50000 	C:\WINDOWS\SYSTEM32\ntdll.dll
0x00007ff9bb740000 - 0x00007ff9bb7f2000 	C:\WINDOWS\System32\KERNEL32.DLL
0x00007ff9ba610000 - 0x00007ff9ba8b3000 	C:\WINDOWS\System32\KERNELBASE.dll
0x00007ff9baee0000 - 0x00007ff9baf83000 	C:\WINDOWS\System32\ADVAPI32.dll
0x00007ff9bc5e0000 - 0x00007ff9bc67e000 	C:\WINDOWS\System32\msvcrt.dll
0x00007ff9bc4c0000 - 0x00007ff9bc557000 	C:\WINDOWS\System32\sechost.dll
0x00007ff9bcc00000 - 0x00007ff9bcd20000 	C:\WINDOWS\System32\RPCRT4.dll
0x00007ff9bc030000 - 0x00007ff9bc1c4000 	C:\WINDOWS\System32\USER32.dll
0x00007ff9ba8c0000 - 0x00007ff9ba8e1000 	C:\WINDOWS\System32\win32u.dll
0x00007ff9bc490000 - 0x00007ff9bc4b6000 	C:\WINDOWS\System32\GDI32.dll
0x00007ff9ba8f0000 - 0x00007ff9baa84000 	C:\WINDOWS\System32\gdi32full.dll
0x00007ff9b9d70000 - 0x00007ff9b9e0e000 	C:\WINDOWS\System32\msvcp_win.dll
0x00007ff9bac40000 - 0x00007ff9bad3a000 	C:\WINDOWS\System32\ucrtbase.dll
0x00007ff995b40000 - 0x00007ff995dc5000 	C:\WINDOWS\WinSxS\amd64_microsoft.windows.common-controls_6595b64144ccf1df_6.0.18362.778_none_e6c6b761130d4fb8\COMCTL32.dll
0x00007ff9bc690000 - 0x00007ff9bc9c6000 	C:\WINDOWS\System32\combase.dll
0x00007ff9b9cf0000 - 0x00007ff9b9d70000 	C:\WINDOWS\System32\bcryptPrimitives.dll
0x00007ff9bb160000 - 0x00007ff9bb18e000 	C:\WINDOWS\System32\IMM32.DLL
0x0000000065760000 - 0x0000000065832000 	C:\Program Files\Android\Android Studio\jre\jre\bin\msvcr100.dll
0x0000000065840000 - 0x0000000066086000 	C:\Program Files\Android\Android Studio\jre\jre\bin\server\jvm.dll
0x00007ff9bc680000 - 0x00007ff9bc688000 	C:\WINDOWS\System32\PSAPI.DLL
0x00007ff98f950000 - 0x00007ff98f959000 	C:\WINDOWS\SYSTEM32\WSOCK32.dll
0x00007ff9b63d0000 - 0x00007ff9b63f4000 	C:\WINDOWS\SYSTEM32\WINMM.dll
0x00007ff9afd80000 - 0x00007ff9afd8a000 	C:\WINDOWS\SYSTEM32\VERSION.dll
0x00007ff9bcb90000 - 0x00007ff9bcbff000 	C:\WINDOWS\System32\WS2_32.dll
0x00007ff9b63a0000 - 0x00007ff9b63cd000 	C:\WINDOWS\SYSTEM32\WINMMBASE.dll
0x00007ff9ba590000 - 0x00007ff9ba5da000 	C:\WINDOWS\System32\cfgmgr32.dll
0x00007ff987350000 - 0x00007ff98735f000 	C:\Program Files\Android\Android Studio\jre\jre\bin\verify.dll
0x00007ff980de0000 - 0x00007ff980e09000 	C:\Program Files\Android\Android Studio\jre\jre\bin\java.dll
0x00007ff9814f0000 - 0x00007ff981506000 	C:\Program Files\Android\Android Studio\jre\jre\bin\zip.dll
0x00007ff9bb860000 - 0x00007ff9bbf45000 	C:\WINDOWS\System32\SHELL32.dll
0x00007ff9bc1d0000 - 0x00007ff9bc279000 	C:\WINDOWS\System32\shcore.dll
0x00007ff9b9e10000 - 0x00007ff9ba590000 	C:\WINDOWS\System32\windows.storage.dll
0x00007ff9b9c70000 - 0x00007ff9b9c93000 	C:\WINDOWS\System32\profapi.dll
0x00007ff9b9ca0000 - 0x00007ff9b9cea000 	C:\WINDOWS\System32\powrprof.dll
0x00007ff9b9c20000 - 0x00007ff9b9c30000 	C:\WINDOWS\System32\UMPDC.dll
0x00007ff9bcb30000 - 0x00007ff9bcb82000 	C:\WINDOWS\System32\shlwapi.dll
0x00007ff9b9c30000 - 0x00007ff9b9c41000 	C:\WINDOWS\System32\kernel.appcore.dll
0x00007ff9badf0000 - 0x00007ff9bae07000 	C:\WINDOWS\System32\cryptsp.dll
0x00007ff981530000 - 0x00007ff98154a000 	C:\Program Files\Android\Android Studio\jre\jre\bin\net.dll
0x00007ff9af700000 - 0x00007ff9af8d5000 	C:\WINDOWS\SYSTEM32\urlmon.dll
0x00007ff9a65a0000 - 0x00007ff9a6846000 	C:\WINDOWS\SYSTEM32\iertutil.dll
0x00007ff9b9660000 - 0x00007ff9b966c000 	C:\WINDOWS\SYSTEM32\CRYPTBASE.DLL
0x00007ff9b9490000 - 0x00007ff9b94f7000 	C:\WINDOWS\system32\mswsock.dll
0x00007ff981510000 - 0x00007ff981523000 	C:\Program Files\Android\Android Studio\jre\jre\bin\nio.dll
0x00007ff981e20000 - 0x00007ff981e46000 	C:\Users\aparn\.gradle\native\30\windows-amd64\native-platform.dll
0x00007ff985da0000 - 0x00007ff985dad000 	C:\Program Files\Android\Android Studio\jre\jre\bin\management.dll
0x00007ff9b8fa0000 - 0x00007ff9b8fd3000 	C:\WINDOWS\system32\rsaenh.dll
0x00007ff9ba5e0000 - 0x00007ff9ba606000 	C:\WINDOWS\System32\bcrypt.dll
0x00007ff9b9b40000 - 0x00007ff9b9b65000 	C:\WINDOWS\SYSTEM32\USERENV.dll
0x00007ff9b9140000 - 0x00007ff9b917a000 	C:\WINDOWS\SYSTEM32\IPHLPAPI.DLL
0x00007ff9bc3d0000 - 0x00007ff9bc3d8000 	C:\WINDOWS\System32\NSI.dll
0x00007ff9b3320000 - 0x00007ff9b3336000 	C:\WINDOWS\SYSTEM32\dhcpcsvc6.DLL
0x00007ff9b3300000 - 0x00007ff9b331c000 	C:\WINDOWS\SYSTEM32\dhcpcsvc.DLL
0x00007ff9b9180000 - 0x00007ff9b924a000 	C:\WINDOWS\SYSTEM32\DNSAPI.dll
0x00007ff9801c0000 - 0x00007ff9801e4000 	C:\Program Files\Android\Android Studio\jre\jre\bin\sunec.dll
0x00007ff9b0c30000 - 0x00007ff9b0c3a000 	C:\Windows\System32\rasadhlp.dll
0x00007ff9b2580000 - 0x00007ff9b25f7000 	C:\WINDOWS\System32\fwpuclnt.dll
0x00007ff984ac0000 - 0x00007ff984acb000 	C:\Program Files\Android\Android Studio\jre\jre\bin\sunmscapi.dll
0x00007ff9baaf0000 - 0x00007ff9bac39000 	C:\WINDOWS\System32\CRYPT32.dll
0x00007ff9b9c50000 - 0x00007ff9b9c62000 	C:\WINDOWS\System32\MSASN1.dll

VM Arguments:
jvm_args: -Xmx1536m -Dfile.encoding=windows-1252 -Duser.country=US -Duser.language=en -Duser.variant 
java_command: org.gradle.launcher.daemon.bootstrap.GradleDaemon 5.6.4
java_class_path (initial): C:\Users\aparn\.gradle\wrapper\dists\gradle-5.6.4-all\ankdp27end7byghfw1q2sw75f\gradle-5.6.4\lib\gradle-launcher-5.6.4.jar
Launcher Type: SUN_STANDARD

Environment Variables:
PATH=C:\Program Files (x86)\Common Files\Oracle\Java\javapath;C:\Program Files\Java\jdk-11.0.1\bin;C:\Program Files (x86)\Intel\Intel(R) Management Engine Components\iCLS\;C:\Program Files\Intel\Intel(R) Management Engine Components\iCLS\;C:\WINDOWS\system32;C:\WINDOWS;C:\WINDOWS\System32\Wbem;C:\WINDOWS\System32\WindowsPowerShell\v1.0\;C:\Program Files (x86)\Intel\Intel(R) Management Engine Components\DAL;C:\Program Files\Intel\Intel(R) Management Engine Components\DAL;C:\Program Files (x86)\Intel\Intel(R) Management Engine Components\IPT;C:\Program Files\Intel\Intel(R) Management Engine Components\IPT;C:\WINDOWS\System32\OpenSSH\;C:\Program Files\Microsoft SQL Server\Client SDK\ODBC\110\Tools\Binn\;C:\Program Files (x86)\Microsoft SQL Server\120\Tools\Binn\;C:\Program Files\Microsoft SQL Server\120\Tools\Binn\;C:\Program Files\Microsoft SQL Server\120\DTS\Binn\;C:\Program Files (x86)\Windows Kits\8.1\Windows Performance Toolkit\;C:\Program Files\nodejs\;C:\Program Files\Java\jdk-13\bin;C:\Users\aparn\AppData\Local\Microsoft\WindowsApps;C:\Users\aparn\AppData\Local\Programs\Microsoft VS Code\bin;C:\Users\aparn\AppData\Local\Microsoft\WindowsApps;C:\Users\aparn\AppData\Roaming\npm
USERNAME=aparn
OS=Windows_NT
PROCESSOR_IDENTIFIER=Intel64 Family 6 Model 158 Stepping 9, GenuineIntel



---------------  S Y S T E M  ---------------

OS: Windows 10.0 , 64 bit Build 18362 (10.0.18362.778)

CPU:total 8 (initial active 8) (4 cores per cpu, 2 threads per core) family 6 model 158 stepping 9, cmov, cx8, fxsr, mmx, sse, sse2, sse3, ssse3, sse4.1, sse4.2, popcnt, avx, avx2, aes, clmul, erms, 3dnowpref, lzcnt, ht, tsc, tscinvbit, bmi1, bmi2, adx

Memory: 4k page, physical 16584156k(2737652k free), swap 46068912k(5624k free)

vm_info: OpenJDK 64-Bit Server VM (25.212-b04) for windows-amd64 JRE (1.8.0_212-release-1586-b04), built by "builder" with MS VC++ 10.0 (VS2010)

time: Tue May 05 23:08:01 2020
timezone: Eastern Daylight Time
elapsed time: 5533 seconds (0d 1h 32m 13s)

